epoch: 0, iter: 0, loss: 420.0472106933594
epoch: 0, iter: 0, loss: 420.0472412109375
epoch: 0, iteration: 0, simlex-999: SpearmanrResult(correlation=0.0026708540998091846, pvalue=0.9342362795159949), men: SpearmanrResult(correlation=-0.035814715285244325, pvalue=0.06834264339945915), sim353: SpearmanrResult(correlation=0.024399111362774485, pvalue=0.6646881546014421), nearest to monster: ['monster', 'communism', 'bosses', 'microprocessors', 'infectious', 'debussy', 'unesco', 'tantamount', 'offices', 'tischendorf']
epoch: 0, iter: 100, loss: 281.98419189453125
epoch: 0, iter: 200, loss: 214.64434814453125
epoch: 0, iter: 0, loss: 420.0472412109375
epoch: 0, iteration: 0, simlex-999: SpearmanrResult(correlation=0.0026708540998091846, pvalue=0.9342362795159949), men: SpearmanrResult(correlation=-0.035814715285244325, pvalue=0.06834264339945915), sim353: SpearmanrResult(correlation=0.024399111362774485, pvalue=0.6646881546014421), nearest to monster: ['monster', 'communism', 'bosses', 'microprocessors', 'infectious', 'debussy', 'unesco', 'tantamount', 'offices', 'tischendorf']
epoch: 0, iter: 100, loss: 281.98419189453125
epoch: 0, iter: 200, loss: 214.64434814453125
epoch: 0, iter: 300, loss: 181.1655731201172
epoch: 0, iter: 400, loss: 165.93711853027344
epoch: 0, iter: 500, loss: 133.08657836914062
epoch: 0, iter: 0, loss: 30.498661041259766
epoch: 0, iteration: 0, simlex-999: SpearmanrResult(correlation=0.05456838981690867, pvalue=0.09157513294857222), men: SpearmanrResult(correlation=-0.021322183435184244, pvalue=0.27794887751638053), sim353: SpearmanrResult(correlation=0.08393581653508211, pvalue=0.1352978719258164), nearest to monster: ['monster', 'rethinking', 'syriac', 'internationally', 'notion', 'vitrification', 'manufacture', 'mifflin', 'regan', 'pga']
epoch: 0, iter: 100, loss: 30.497730255126953
epoch: 0, iter: 200, loss: 30.4907169342041
epoch: 0, iter: 300, loss: 30.464086532592773
epoch: 0, iter: 400, loss: 30.273603439331055
epoch: 0, iter: 500, loss: 30.214357376098633
epoch: 0, iter: 600, loss: 28.911876678466797
epoch: 0, iter: 700, loss: 28.963428497314453
epoch: 0, iter: 800, loss: 28.26258087158203
epoch: 0, iter: 900, loss: 28.59079360961914
epoch: 0, iter: 1000, loss: 28.699878692626953
epoch: 0, iter: 1100, loss: 27.951101303100586
epoch: 0, iter: 1200, loss: 27.019519805908203
epoch: 0, iter: 1300, loss: 26.38188362121582
epoch: 0, iter: 1400, loss: 25.810848236083984
epoch: 0, iter: 1500, loss: 24.553377151489258
epoch: 0, iter: 1600, loss: 23.047962188720703
epoch: 0, iter: 1700, loss: 22.868370056152344
epoch: 0, iter: 1800, loss: 23.635807037353516
epoch: 0, iter: 1900, loss: 23.22930335998535
epoch: 0, iter: 2000, loss: 25.079727172851562
epoch: 0, iteration: 2000, simlex-999: SpearmanrResult(correlation=-0.01373747727688911, pvalue=0.6712455452433672), men: SpearmanrResult(correlation=0.00927143699792386, pvalue=0.6371296185651635), sim353: SpearmanrResult(correlation=0.0025769596377568796, pvalue=0.9634912703007166), nearest to monster: ['monster', 'rethinking', 'syriac', 'internationally', 'spinner', 'notion', 'vitrification', 'dissolves', 'pga', 'alluvial']
epoch: 0, iter: 2100, loss: 23.163400650024414
epoch: 0, iter: 2200, loss: 23.550750732421875
epoch: 0, iter: 2300, loss: 23.523029327392578
epoch: 0, iter: 2400, loss: 23.467283248901367
epoch: 0, iter: 2500, loss: 22.037504196166992
epoch: 0, iter: 2600, loss: 20.127567291259766
epoch: 0, iter: 2700, loss: 21.593769073486328
epoch: 0, iter: 2800, loss: 22.370643615722656
epoch: 0, iter: 2900, loss: 21.058712005615234
epoch: 0, iter: 3000, loss: 22.260643005371094
epoch: 0, iter: 3100, loss: 22.897186279296875
epoch: 0, iter: 3200, loss: 22.59741973876953
epoch: 0, iter: 3300, loss: 21.198078155517578
epoch: 0, iter: 3400, loss: 19.407302856445312
epoch: 0, iter: 3500, loss: 20.760276794433594
epoch: 0, iter: 3600, loss: 23.040945053100586
epoch: 0, iter: 3700, loss: 21.034170150756836
epoch: 0, iter: 3800, loss: 18.538692474365234
epoch: 0, iter: 3900, loss: 18.6889705657959
epoch: 0, iter: 4000, loss: 20.556657791137695
epoch: 0, iteration: 4000, simlex-999: SpearmanrResult(correlation=-0.04186476029867918, pvalue=0.19567285465314235), men: SpearmanrResult(correlation=0.027601182653378763, pvalue=0.16015771381033586), sim353: SpearmanrResult(correlation=-0.011141511395969791, pvalue=0.8431191145450955), nearest to monster: ['monster', 'comparing', 'notion', 'activity', 'sense', 'owner', 'fleet', 'teams', 'era', 'instance']
epoch: 0, iter: 4100, loss: 19.6999454498291
epoch: 0, iter: 4200, loss: 20.403844833374023
epoch: 0, iter: 4300, loss: 19.46596336364746
epoch: 0, iter: 4400, loss: 22.428009033203125
epoch: 0, iter: 4500, loss: 21.198596954345703
epoch: 0, iter: 4600, loss: 19.34463119506836
epoch: 0, iter: 4700, loss: 20.420995712280273
epoch: 0, iter: 4800, loss: 20.305892944335938
epoch: 0, iter: 4900, loss: 19.40460205078125
epoch: 0, iter: 5000, loss: 20.71796417236328
epoch: 0, iter: 5100, loss: 19.613357543945312
epoch: 0, iter: 5200, loss: 21.201824188232422
epoch: 0, iter: 5300, loss: 20.036787033081055
epoch: 0, iter: 5400, loss: 18.592607498168945
epoch: 0, iter: 5500, loss: 20.94439697265625
epoch: 0, iter: 5600, loss: 16.834192276000977
epoch: 0, iter: 5700, loss: 20.05276107788086
epoch: 0, iter: 5800, loss: 21.01972770690918
epoch: 0, iter: 5900, loss: 18.29322624206543
epoch: 0, iter: 6000, loss: 19.279733657836914
epoch: 0, iteration: 6000, simlex-999: SpearmanrResult(correlation=-0.034367395028094425, pvalue=0.28819304902317106), men: SpearmanrResult(correlation=0.045420706489416866, pvalue=0.020773477894990212), sim353: SpearmanrResult(correlation=-0.024550620393681628, pvalue=0.6627337137271063), nearest to monster: ['monster', 'lauren', 'teams', 'internationally', 'era', 'ira', 'receive', 'ways', 'throne', 'notion']
epoch: 0, iter: 6100, loss: 20.734935760498047
epoch: 0, iter: 6200, loss: 18.28096580505371
epoch: 0, iter: 6300, loss: 16.055831909179688
epoch: 0, iter: 6400, loss: 19.147708892822266
epoch: 0, iter: 6500, loss: 18.195865631103516
epoch: 0, iter: 6600, loss: 17.51331329345703
epoch: 0, iter: 6700, loss: 15.929372787475586
epoch: 0, iter: 6800, loss: 18.19695472717285
epoch: 0, iter: 6900, loss: 19.003189086914062
epoch: 0, iter: 7000, loss: 16.01238250732422
epoch: 0, iter: 7100, loss: 18.721765518188477
epoch: 0, iter: 7200, loss: 16.81389808654785
epoch: 0, iter: 7300, loss: 18.32561492919922
epoch: 0, iter: 7400, loss: 19.055452346801758
epoch: 0, iter: 7500, loss: 18.524314880371094
epoch: 0, iter: 7600, loss: 18.148258209228516
epoch: 0, iter: 7700, loss: 17.2589168548584
epoch: 0, iter: 7800, loss: 17.696619033813477
epoch: 0, iter: 7900, loss: 18.37112045288086
epoch: 0, iter: 8000, loss: 16.521697998046875
epoch: 0, iteration: 8000, simlex-999: SpearmanrResult(correlation=-0.03969430947586973, pvalue=0.21988324281394053), men: SpearmanrResult(correlation=0.022900605480724166, pvalue=0.2439081524218919), sim353: SpearmanrResult(correlation=0.010634553222355611, pvalue=0.8501713543271204), nearest to monster: ['monster', 'netherlands', 'portion', 'ottoman', 'producers', 'formulation', 'crown', 'lighter', 'images', 'reader']
epoch: 0, iter: 8100, loss: 17.12934684753418
epoch: 0, iter: 8200, loss: 16.82636070251465
epoch: 0, iter: 8300, loss: 16.013261795043945
epoch: 0, iter: 8400, loss: 17.524486541748047
epoch: 0, iter: 8500, loss: 17.206546783447266
epoch: 0, iter: 8600, loss: 17.16701889038086
epoch: 0, iter: 8700, loss: 17.038171768188477
epoch: 0, iter: 8800, loss: 17.48182487487793
epoch: 0, iter: 8900, loss: 16.36801528930664
epoch: 0, iter: 9000, loss: 17.463497161865234
epoch: 0, iter: 9100, loss: 18.02241325378418
epoch: 0, iter: 9200, loss: 19.389633178710938
epoch: 0, iter: 9300, loss: 17.197641372680664
epoch: 0, iter: 9400, loss: 16.63306427001953
epoch: 0, iter: 9500, loss: 17.403663635253906
epoch: 0, iter: 9600, loss: 17.657312393188477
epoch: 0, iter: 9700, loss: 16.10643196105957
epoch: 0, iter: 9800, loss: 16.014524459838867
epoch: 0, iter: 9900, loss: 18.004270553588867
epoch: 0, iter: 10000, loss: 16.85602569580078
epoch: 0, iteration: 10000, simlex-999: SpearmanrResult(correlation=-0.06239629057188404, pvalue=0.053654814925391835), men: SpearmanrResult(correlation=0.04312591389656744, pvalue=0.028152733942670705), sim353: SpearmanrResult(correlation=0.03570258068833467, pvalue=0.5258437354074121), nearest to monster: ['monster', 'netherlands', 'wind', 'passage', 'matrix', 'portion', 'involves', 'interior', 'ottoman', 'producers']
epoch: 0, iter: 10100, loss: 17.471172332763672
epoch: 0, iter: 10200, loss: 16.13694190979004
epoch: 0, iter: 10300, loss: 14.23574447631836
epoch: 0, iter: 10400, loss: 17.346345901489258
epoch: 0, iter: 10500, loss: 16.07801055908203
epoch: 0, iter: 10600, loss: 16.98308563232422
epoch: 0, iter: 10700, loss: 16.92600440979004
epoch: 0, iter: 10800, loss: 16.742185592651367
epoch: 0, iter: 10900, loss: 15.341094017028809
epoch: 0, iter: 11000, loss: 16.276535034179688
epoch: 0, iter: 11100, loss: 16.89344024658203
epoch: 0, iter: 11200, loss: 16.91649055480957
epoch: 0, iter: 11300, loss: 16.38675880432129
epoch: 0, iter: 11400, loss: 16.248889923095703
epoch: 0, iter: 11500, loss: 15.711175918579102
epoch: 0, iter: 11600, loss: 14.590543746948242
epoch: 0, iter: 11700, loss: 17.187665939331055
epoch: 0, iter: 11800, loss: 16.221723556518555
epoch: 0, iter: 11900, loss: 17.184362411499023
epoch: 0, iter: 12000, loss: 15.431368827819824
epoch: 0, iteration: 12000, simlex-999: SpearmanrResult(correlation=-0.06886070124581103, pvalue=0.03317334120077992), men: SpearmanrResult(correlation=0.04153552821302559, pvalue=0.03450433611414945), sim353: SpearmanrResult(correlation=0.03765774107386557, pvalue=0.5034146983198089), nearest to monster: ['monster', 'netherlands', 'rebellion', 'loyalty', 'passage', 'involves', 'automobile', 'matrix', 'reducing', 'wind']
epoch: 0, iter: 12100, loss: 16.847497940063477
epoch: 0, iter: 12200, loss: 15.704501152038574
epoch: 0, iter: 12300, loss: 15.404505729675293
